<?xml version="1.0" encoding="UTF-8"?>
<testng-results ignored="0" total="2" passed="2" failed="0" skipped="0">
  <reporter-output>
    <line>
      <![CDATA[practice]]>
    </line>
    <line>
      <![CDATA[practice1]]>
    </line>
  </reporter-output>
  <suite started-at="2022-05-30T12:40:32Z" name="Default suite" finished-at="2022-05-30T12:40:33Z" duration-ms="518">
    <groups>
    </groups>
    <test started-at="2022-05-30T12:40:32Z" name="Default test" finished-at="2022-05-30T12:40:33Z" duration-ms="518">
      <class name="com.vtiger.practice.Practice$practiceTest">
        <test-method signature="practice()[pri:0, instance:com.vtiger.practice.Practice$practiceTest@31e4bb20]" started-at="2022-05-30T12:40:32Z" name="practice" finished-at="2022-05-30T12:40:32Z" duration-ms="221" status="PASS">
          <reporter-output>
            <line>
              <![CDATA[practice]]>
            </line>
          </reporter-output>
        </test-method> <!-- practice -->
        <test-method signature="practice1()[pri:0, instance:com.vtiger.practice.Practice$practiceTest@31e4bb20]" started-at="2022-05-30T12:40:33Z" name="practice1" finished-at="2022-05-30T12:40:33Z" duration-ms="10" status="PASS">
          <reporter-output>
            <line>
              <![CDATA[practice1]]>
            </line>
          </reporter-output>
        </test-method> <!-- practice1 -->
      </class> <!-- com.vtiger.practice.Practice$practiceTest -->
    </test> <!-- Default test -->
  </suite> <!-- Default suite -->
</testng-results>
